This is pdfTeX, Version 3.14159265-2.6-1.40.18 (TeX Live 2017) (preloaded format=pdflatex 2018.2.6)  14 FEB 2018 23:10
entering extended mode
 restricted \write18 enabled.
 %&-line parsing enabled.
**handleiding_trello.tex
(./handleiding_trello.tex
LaTeX2e <2017-04-15>
Babel <3.17> and hyphenation patterns for 84 language(s) loaded.
(/usr/local/texlive/2017/texmf-dist/tex/latex/base/report.cls
Document Class: report 2014/09/29 v1.4h Standard LaTeX document class
(/usr/local/texlive/2017/texmf-dist/tex/latex/base/size11.clo
File: size11.clo 2014/09/29 v1.4h Standard LaTeX file (size option)
)
\c@part=\count79
\c@chapter=\count80
\c@section=\count81
\c@subsection=\count82
\c@subsubsection=\count83
\c@paragraph=\count84
\c@subparagraph=\count85
\c@figure=\count86
\c@table=\count87
\abovecaptionskip=\skip41
\belowcaptionskip=\skip42
\bibindent=\dimen102
)
(/usr/local/texlive/2017/texmf-dist/tex/generic/babel/babel.sty
Package: babel 2018/01/24 3.17 The Babel package

(/usr/local/texlive/2017/texmf-dist/tex/generic/babel/switch.def
File: switch.def 2018/01/24 3.17 Babel switching mechanism
)
(/usr/local/texlive/2017/texmf-dist/tex/generic/babel-dutch/dutch.ldf
Language: dutch 2005/03/30 v3.8i Dutch support from the babel system

(/usr/local/texlive/2017/texmf-dist/tex/generic/babel/babel.def
File: babel.def 2018/01/24 3.17 Babel common definitions

(/usr/local/texlive/2017/texmf-dist/tex/generic/babel/switch.def
File: switch.def 2018/01/24 3.17 Babel switching mechanism
)
\babel@savecnt=\count88
\U@D=\dimen103

(/usr/local/texlive/2017/texmf-dist/tex/generic/babel/txtbabel.def)
\bbl@dirlevel=\count89
)
Package babel Info: Making " an active character on input line 132.
))
(/usr/local/texlive/2017/texmf-dist/tex/latex/hyperref/hyperref.sty
Package: hyperref 2018/02/06 v6.86b Hypertext links for LaTeX

(/usr/local/texlive/2017/texmf-dist/tex/generic/oberdiek/hobsub-hyperref.sty
Package: hobsub-hyperref 2016/05/16 v1.14 Bundle oberdiek, subset hyperref (HO)


(/usr/local/texlive/2017/texmf-dist/tex/generic/oberdiek/hobsub-generic.sty
Package: hobsub-generic 2016/05/16 v1.14 Bundle oberdiek, subset generic (HO)
Package: hobsub 2016/05/16 v1.14 Construct package bundles (HO)
Package: infwarerr 2016/05/16 v1.4 Providing info/warning/error messages (HO)
Package: ltxcmds 2016/05/16 v1.23 LaTeX kernel commands for general use (HO)
Package: ifluatex 2016/05/16 v1.4 Provides the ifluatex switch (HO)
Package ifluatex Info: LuaTeX not detected.
Package: ifvtex 2016/05/16 v1.6 Detect VTeX and its facilities (HO)
Package ifvtex Info: VTeX not detected.
Package: intcalc 2016/05/16 v1.2 Expandable calculations with integers (HO)
Package: ifpdf 2017/03/15 v3.2 Provides the ifpdf switch
Package: etexcmds 2016/05/16 v1.6 Avoid name clashes with e-TeX commands (HO)
Package etexcmds Info: Could not find \expanded.
(etexcmds)             That can mean that you are not using pdfTeX 1.50 or
(etexcmds)             that some package has redefined \expanded.
(etexcmds)             In the latter case, load this package earlier.
Package: kvsetkeys 2016/05/16 v1.17 Key value parser (HO)
Package: kvdefinekeys 2016/05/16 v1.4 Define keys (HO)
Package: pdftexcmds 2018/01/21 v0.26 Utility functions of pdfTeX for LuaTeX (HO
)
Package pdftexcmds Info: LuaTeX not detected.
Package pdftexcmds Info: \pdf@primitive is available.
Package pdftexcmds Info: \pdf@ifprimitive is available.
Package pdftexcmds Info: \pdfdraftmode found.
Package: pdfescape 2016/05/16 v1.14 Implements pdfTeX's escape features (HO)
Package: bigintcalc 2016/05/16 v1.4 Expandable calculations on big integers (HO
)
Package: bitset 2016/05/16 v1.2 Handle bit-vector datatype (HO)
Package: uniquecounter 2016/05/16 v1.3 Provide unlimited unique counter (HO)
)
Package hobsub Info: Skipping package `hobsub' (already loaded).
Package: letltxmacro 2016/05/16 v1.5 Let assignment for LaTeX macros (HO)
Package: hopatch 2016/05/16 v1.3 Wrapper for package hooks (HO)
Package: xcolor-patch 2016/05/16 xcolor patch
Package: atveryend 2016/05/16 v1.9 Hooks at the very end of document (HO)
Package atveryend Info: \enddocument detected (standard20110627).
Package: atbegshi 2016/06/09 v1.18 At begin shipout hook (HO)
Package: refcount 2016/05/16 v3.5 Data extraction from label references (HO)
Package: hycolor 2016/05/16 v1.8 Color options for hyperref/bookmark (HO)
)
(/usr/local/texlive/2017/texmf-dist/tex/latex/graphics/keyval.sty
Package: keyval 2014/10/28 v1.15 key=value parser (DPC)
\KV@toks@=\toks14
)
(/usr/local/texlive/2017/texmf-dist/tex/generic/ifxetex/ifxetex.sty
Package: ifxetex 2010/09/12 v0.6 Provides ifxetex conditional
)
(/usr/local/texlive/2017/texmf-dist/tex/latex/oberdiek/auxhook.sty
Package: auxhook 2016/05/16 v1.4 Hooks for auxiliary files (HO)
)
(/usr/local/texlive/2017/texmf-dist/tex/latex/oberdiek/kvoptions.sty
Package: kvoptions 2016/05/16 v3.12 Key value format for package options (HO)
)
\@linkdim=\dimen104
\Hy@linkcounter=\count90
\Hy@pagecounter=\count91

(/usr/local/texlive/2017/texmf-dist/tex/latex/hyperref/pd1enc.def
File: pd1enc.def 2018/02/06 v6.86b Hyperref: PDFDocEncoding definition (HO)
)
\Hy@SavedSpaceFactor=\count92

(/usr/local/texlive/2017/texmf-dist/tex/latex/latexconfig/hyperref.cfg
File: hyperref.cfg 2002/06/06 v1.2 hyperref configuration of TeXLive
)
Package hyperref Info: Hyper figures OFF on input line 4509.
Package hyperref Info: Link nesting OFF on input line 4514.
Package hyperref Info: Hyper index ON on input line 4517.
Package hyperref Info: Plain pages OFF on input line 4524.
Package hyperref Info: Backreferencing OFF on input line 4529.
Package hyperref Info: Implicit mode ON; LaTeX internals redefined.
Package hyperref Info: Bookmarks ON on input line 4762.
\c@Hy@tempcnt=\count93

(/usr/local/texlive/2017/texmf-dist/tex/latex/url/url.sty
\Urlmuskip=\muskip10
Package: url 2013/09/16  ver 3.4  Verb mode for urls, etc.
)
LaTeX Info: Redefining \url on input line 5115.
\XeTeXLinkMargin=\dimen105
\Fld@menulength=\count94
\Field@Width=\dimen106
\Fld@charsize=\dimen107
Package hyperref Info: Hyper figures OFF on input line 6369.
Package hyperref Info: Link nesting OFF on input line 6374.
Package hyperref Info: Hyper index ON on input line 6377.
Package hyperref Info: backreferencing OFF on input line 6384.
Package hyperref Info: Link coloring OFF on input line 6389.
Package hyperref Info: Link coloring with OCG OFF on input line 6394.
Package hyperref Info: PDF/A mode OFF on input line 6399.
LaTeX Info: Redefining \ref on input line 6439.
LaTeX Info: Redefining \pageref on input line 6443.
\Hy@abspage=\count95
\c@Item=\count96
\c@Hfootnote=\count97
)
Package hyperref Info: Driver (autodetected): hpdftex.

(/usr/local/texlive/2017/texmf-dist/tex/latex/hyperref/hpdftex.def
File: hpdftex.def 2018/02/06 v6.86b Hyperref driver for pdfTeX
\Fld@listcount=\count98
\c@bookmark@seq@number=\count99

(/usr/local/texlive/2017/texmf-dist/tex/latex/oberdiek/rerunfilecheck.sty
Package: rerunfilecheck 2016/05/16 v1.8 Rerun checks for auxiliary files (HO)
Package uniquecounter Info: New unique counter `rerunfilecheck' on input line 2
82.
)
\Hy@SectionHShift=\skip43
)
(/usr/local/texlive/2017/texmf-dist/tex/latex/graphics/graphicx.sty
Package: graphicx 2017/06/01 v1.1a Enhanced LaTeX Graphics (DPC,SPQR)

(/usr/local/texlive/2017/texmf-dist/tex/latex/graphics/graphics.sty
Package: graphics 2017/06/25 v1.2c Standard LaTeX Graphics (DPC,SPQR)

(/usr/local/texlive/2017/texmf-dist/tex/latex/graphics/trig.sty
Package: trig 2016/01/03 v1.10 sin cos tan (DPC)
)
(/usr/local/texlive/2017/texmf-dist/tex/latex/graphics-cfg/graphics.cfg
File: graphics.cfg 2016/06/04 v1.11 sample graphics configuration
)
Package graphics Info: Driver file: pdftex.def on input line 99.

(/usr/local/texlive/2017/texmf-dist/tex/latex/graphics-def/pdftex.def
File: pdftex.def 2018/01/08 v1.0l Graphics/color driver for pdftex
))
\Gin@req@height=\dimen108
\Gin@req@width=\dimen109
)
(/usr/local/texlive/2017/texmf-dist/tex/latex/caption/caption.sty
Package: caption 2016/02/21 v3.3-144 Customizing captions (AR)

(/usr/local/texlive/2017/texmf-dist/tex/latex/caption/caption3.sty
Package: caption3 2016/05/22 v1.7-166 caption3 kernel (AR)
Package caption3 Info: TeX engine: e-TeX on input line 67.
\captionmargin=\dimen110
\captionmargin@=\dimen111
\captionwidth=\dimen112
\caption@tempdima=\dimen113
\caption@indent=\dimen114
\caption@parindent=\dimen115
\caption@hangindent=\dimen116
)
\c@ContinuedFloat=\count100
Package caption Info: hyperref package is loaded.
)
(/usr/local/texlive/2017/texmf-dist/tex/latex/caption/subcaption.sty
Package: subcaption 2016/05/22 v1.1-161 Sub-captions (AR)
\c@subfigure=\count101
\c@subtable=\count102
)
(/usr/local/texlive/2017/texmf-dist/tex/latex/enumitem/enumitem.sty
Package: enumitem 2011/09/28 v3.5.2 Customized lists
\labelindent=\skip44
\enit@outerparindent=\dimen117
\enit@toks=\toks15
\enit@inbox=\box26
\enitdp@description=\count103
)
(/usr/local/texlive/2017/texmf-dist/tex/latex/tools/afterpage.sty
Package: afterpage 2014/10/28 v1.08 After-Page Package (DPC)
\AP@output=\toks16
\AP@partial=\box27
\AP@footins=\box28
)
(/usr/local/texlive/2017/texmf-dist/tex/latex/xcolor/xcolor.sty
Package: xcolor 2016/05/11 v2.12 LaTeX color extensions (UK)

(/usr/local/texlive/2017/texmf-dist/tex/latex/graphics-cfg/color.cfg
File: color.cfg 2016/01/02 v1.6 sample color configuration
)
Package xcolor Info: Driver file: pdftex.def on input line 225.
Package xcolor Info: Model `cmy' substituted by `cmy0' on input line 1348.
Package xcolor Info: Model `hsb' substituted by `rgb' on input line 1352.
Package xcolor Info: Model `RGB' extended on input line 1364.
Package xcolor Info: Model `HTML' substituted by `rgb' on input line 1366.
Package xcolor Info: Model `Hsb' substituted by `hsb' on input line 1367.
Package xcolor Info: Model `tHsb' substituted by `hsb' on input line 1368.
Package xcolor Info: Model `HSB' substituted by `hsb' on input line 1369.
Package xcolor Info: Model `Gray' substituted by `gray' on input line 1370.
Package xcolor Info: Model `wave' substituted by `hsb' on input line 1371.

(/usr/local/texlive/2017/texmf-dist/tex/latex/graphics/dvipsnam.def
File: dvipsnam.def 2016/06/17 v3.0m Driver-dependent file (DPC,SPQR)
))
(/usr/local/texlive/2017/texmf-dist/tex/latex/anyfontsize/anyfontsize.sty
Package: anyfontsize 2007/11/22 anyfontsize.sty by pts
)
(/usr/local/texlive/2017/texmf-dist/tex/generic/mathabx/mathabx.sty
Package: mathabx 2003/07/29 v0.0 Non-standard LaTeX package mathabx
\symmatha=\mathgroup4
\symmathb=\mathgroup5
\symmathx=\mathgroup6

(/usr/local/texlive/2017/texmf-dist/tex/generic/mathabx/mathabx.dcl
LaTeX Font Info:    Redeclaring math symbol \cdotp on input line 25.
LaTeX Font Info:    Redeclaring math symbol \times on input line 33.
LaTeX Font Info:    Redeclaring math symbol \div on input line 34.
LaTeX Font Info:    Redeclaring math symbol \cdot on input line 35.
LaTeX Font Info:    Redeclaring math symbol \circ on input line 36.
LaTeX Font Info:    Redeclaring math symbol \ast on input line 38.
LaTeX Font Info:    Redeclaring math symbol \pm on input line 41.
LaTeX Font Info:    Redeclaring math symbol \mp on input line 42.
LaTeX Font Info:    Redeclaring math symbol \diamond on input line 45.
LaTeX Font Info:    Redeclaring math symbol \bullet on input line 46.
LaTeX Font Info:    Redeclaring math symbol \star on input line 47.
LaTeX Font Info:    Redeclaring math symbol \amalg on input line 51.
LaTeX Font Info:    Redeclaring math symbol \equiv on input line 83.
LaTeX Font Info:    Redeclaring math symbol \sim on input line 84.
LaTeX Font Info:    Redeclaring math symbol \approx on input line 85.
LaTeX Font Info:    Redeclaring math symbol \simeq on input line 86.
LaTeX Font Info:    Redeclaring math symbol \asymp on input line 89.
LaTeX Font Info:    Redeclaring math symbol \neg on input line 134.
LaTeX Font Info:    Redeclaring math symbol \ll on input line 136.
LaTeX Font Info:    Redeclaring math symbol \gg on input line 137.
LaTeX Font Info:    Redeclaring math symbol \vdash on input line 139.
LaTeX Font Info:    Redeclaring math symbol \dashv on input line 140.
LaTeX Font Info:    Redeclaring math symbol \flat on input line 158.
LaTeX Font Info:    Redeclaring math symbol \natural on input line 159.
LaTeX Font Info:    Redeclaring math symbol \sharp on input line 160.
LaTeX Font Info:    Redeclaring math symbol \infty on input line 161.
LaTeX Font Info:    Redeclaring math symbol \propto on input line 162.
LaTeX Font Info:    Redeclaring math symbol \dagger on input line 163.
LaTeX Font Info:    Redeclaring math symbol \ddagger on input line 164.
LaTeX Font Info:    Redeclaring math symbol \smile on input line 171.
LaTeX Font Info:    Redeclaring math symbol \frown on input line 172.
LaTeX Font Info:    Redeclaring math symbol \setminus on input line 218.
LaTeX Font Info:    Redeclaring math symbol \mid on input line 222.
LaTeX Font Info:    Redeclaring math symbol \forall on input line 279.
LaTeX Font Info:    Redeclaring math symbol \partial on input line 281.
LaTeX Font Info:    Redeclaring math symbol \exists on input line 284.
LaTeX Font Info:    Redeclaring math symbol \emptyset on input line 288.
LaTeX Font Info:    Redeclaring math symbol \top on input line 290.
LaTeX Font Info:    Redeclaring math symbol \bot on input line 291.
LaTeX Font Info:    Redeclaring math symbol \perp on input line 292.
LaTeX Font Info:    Redeclaring math symbol \in on input line 299.
LaTeX Font Info:    Redeclaring math symbol \owns on input line 300.
LaTeX Font Info:    Redeclaring math symbol \cap on input line 312.
LaTeX Font Info:    Redeclaring math symbol \cup on input line 313.
LaTeX Font Info:    Redeclaring math symbol \uplus on input line 314.
LaTeX Font Info:    Redeclaring math symbol \sqcap on input line 315.
LaTeX Font Info:    Redeclaring math symbol \sqcup on input line 316.
LaTeX Font Info:    Redeclaring math symbol \wedge on input line 318.
LaTeX Font Info:    Redeclaring math symbol \vee on input line 320.
LaTeX Font Info:    Redeclaring math symbol \subset on input line 344.
LaTeX Font Info:    Redeclaring math symbol \supset on input line 345.
LaTeX Font Info:    Redeclaring math symbol \subseteq on input line 348.
LaTeX Font Info:    Redeclaring math symbol \supseteq on input line 349.
LaTeX Font Info:    Redeclaring math symbol \sqsubseteq on input line 380.
LaTeX Font Info:    Redeclaring math symbol \sqsupseteq on input line 381.
LaTeX Font Info:    Redeclaring math symbol \triangleleft on input line 407.
LaTeX Font Info:    Redeclaring math symbol \triangleright on input line 409.
LaTeX Font Info:    Redeclaring math symbol \leq on input line 439.
LaTeX Font Info:    Redeclaring math symbol \geq on input line 441.
LaTeX Font Info:    Redeclaring math symbol \prec on input line 498.
LaTeX Font Info:    Redeclaring math symbol \succ on input line 499.
LaTeX Font Info:    Redeclaring math symbol \preceq on input line 506.
LaTeX Font Info:    Redeclaring math symbol \succeq on input line 507.
LaTeX Font Info:    Redeclaring math symbol \leftarrow on input line 540.
LaTeX Font Info:    Redeclaring math symbol \rightarrow on input line 542.
LaTeX Font Info:    Redeclaring math symbol \nwarrow on input line 546.
LaTeX Font Info:    Redeclaring math symbol \nearrow on input line 547.
LaTeX Font Info:    Redeclaring math symbol \swarrow on input line 548.
LaTeX Font Info:    Redeclaring math symbol \searrow on input line 549.
LaTeX Font Info:    Redeclaring math symbol \leftrightarrow on input line 550.
LaTeX Font Info:    Redeclaring math symbol \mapstochar on input line 557.
LaTeX Font Info:    Redeclaring math symbol \leftharpoonup on input line 560.
LaTeX Font Info:    Redeclaring math symbol \rightharpoonup on input line 561.
LaTeX Font Info:    Redeclaring math symbol \leftharpoondown on input line 562.

LaTeX Font Info:    Redeclaring math symbol \rightharpoondown on input line 563
.
LaTeX Font Info:    Redeclaring math symbol \Leftarrow on input line 575.
LaTeX Font Info:    Redeclaring math symbol \Rightarrow on input line 576.
LaTeX Font Info:    Redeclaring math symbol \Leftrightarrow on input line 579.
LaTeX Font Info:    Redeclaring math symbol \rhook on input line 612.
LaTeX Font Info:    Redeclaring math symbol \lhook on input line 613.
LaTeX Font Info:    Redeclaring math symbol \oplus on input line 658.
LaTeX Font Info:    Redeclaring math symbol \ominus on input line 659.
LaTeX Font Info:    Redeclaring math symbol \otimes on input line 661.
LaTeX Font Info:    Redeclaring math symbol \odot on input line 663.
LaTeX Font Info:    Redeclaring math symbol \oslash on input line 675.
\mayacnter=\count104
\mayacnta=\count105
\mayacntb=\count106
\mayacntc=\count107
\mayawidth=\dimen118
LaTeX Font Info:    Redeclaring math symbol \intop on input line 753.
LaTeX Font Info:    Redeclaring math symbol \ointop on input line 760.
LaTeX Font Info:    Redeclaring math delimiter \lbrace on input line 842.
LaTeX Info: Redefining \{ on input line 846.
LaTeX Font Info:    Redeclaring math delimiter \rbrace on input line 848.
LaTeX Info: Redefining \} on input line 852.
LaTeX Font Info:    Redeclaring math delimiter \langle on input line 858.
LaTeX Font Info:    Redeclaring math delimiter \rangle on input line 859.
LaTeX Font Info:    Redeclaring math delimiter \vert on input line 863.
LaTeX Font Info:    Redeclaring math delimiter \Vert on input line 865.
LaTeX Font Info:    Redeclaring math delimiter \uparrow on input line 868.
LaTeX Font Info:    Redeclaring math delimiter \downarrow on input line 869.
LaTeX Font Info:    Redeclaring math delimiter \updownarrow on input line 870.
LaTeX Font Info:    Redeclaring math delimiter \Uparrow on input line 871.
LaTeX Font Info:    Redeclaring math delimiter \Downarrow on input line 872.
LaTeX Font Info:    Redeclaring math delimiter \Updownarrow on input line 873.
LaTeX Font Info:    Redeclaring math delimiter \lgroup on input line 880.
LaTeX Font Info:    Redeclaring math delimiter \rgroup on input line 881.
LaTeX Font Info:    Redeclaring math delimiter \lceil on input line 882.
LaTeX Font Info:    Redeclaring math delimiter \rceil on input line 883.
LaTeX Font Info:    Redeclaring math delimiter \lfloor on input line 884.
LaTeX Font Info:    Redeclaring math delimiter \rfloor on input line 885.
LaTeX Font Info:    Redeclaring math symbol \braceld on input line 903.
LaTeX Font Info:    Redeclaring math symbol \bracerd on input line 905.
LaTeX Font Info:    Redeclaring math symbol \bracelu on input line 907.
LaTeX Font Info:    Redeclaring math symbol \braceru on input line 909.
LaTeX Font Info:    Redeclaring math accent \widehat on input line 944.
LaTeX Font Info:    Redeclaring math accent \widetilde on input line 946.
))
(/usr/local/texlive/2017/texmf-dist/tex/latex/cleveref/cleveref.sty
Package: cleveref 2017/07/10 v0.21 Intelligent cross-referencing
Package cleveref Info: `hyperref' support loaded on input line 2296.
LaTeX Info: Redefining \cref on input line 2296.
LaTeX Info: Redefining \Cref on input line 2296.
LaTeX Info: Redefining \crefrange on input line 2296.
LaTeX Info: Redefining \Crefrange on input line 2296.
LaTeX Info: Redefining \cpageref on input line 2296.
LaTeX Info: Redefining \Cpageref on input line 2296.
LaTeX Info: Redefining \cpagerefrange on input line 2296.
LaTeX Info: Redefining \Cpagerefrange on input line 2296.
LaTeX Info: Redefining \labelcref on input line 2296.
LaTeX Info: Redefining \labelcpageref on input line 2296.
)
(/usr/local/texlive/2017/texmf-dist/tex/latex/tools/xspace.sty
Package: xspace 2014/10/28 v1.13 Space after command names (DPC,MH)
)
(/usr/local/texlive/2017/texmf-dist/tex/latex/float/float.sty
Package: float 2001/11/08 v1.3d Float enhancements (AL)
\c@float@type=\count108
\float@exts=\toks17
\float@box=\box29
\@float@everytoks=\toks18
\@floatcapt=\box30
)
(/usr/local/texlive/2017/texmf-dist/tex/latex/tools/verbatim.sty
Package: verbatim 2014/10/28 v1.5q LaTeX2e package for verbatim enhancements
\every@verbatim=\toks19
\verbatim@line=\toks20
\verbatim@in@stream=\read1
)
(/usr/local/texlive/2017/texmf-dist/tex/latex/titlesec/titlesec.sty
Package: titlesec 2016/03/21 v2.10.2 Sectioning titles
\ttl@box=\box31
\beforetitleunit=\skip45
\aftertitleunit=\skip46
\ttl@plus=\dimen119
\ttl@minus=\dimen120
\ttl@toksa=\toks21
\titlewidth=\dimen121
\titlewidthlast=\dimen122
\titlewidthfirst=\dimen123
)
(./handleiding_trello.aux (./hoofdstukken/titelblad.aux)
(./hoofdstukken/inleiding.aux) (./hoofdstukken/team_beheren.aux)
(./hoofdstukken/bord_beheren.aux) (./hoofdstukken/lijsten_beheren.aux)
(./hoofdstukken/kaarten_beheren.aux) (./hoofdstukken/leden_beheren.aux)
(./hoofdstukken/statistieken.aux) (./hoofdstukken/powerups.aux))
\openout1 = `handleiding_trello.aux'.

LaTeX Font Info:    Checking defaults for OML/cmm/m/it on input line 62.
LaTeX Font Info:    ... okay on input line 62.
LaTeX Font Info:    Checking defaults for T1/cmr/m/n on input line 62.
LaTeX Font Info:    ... okay on input line 62.
LaTeX Font Info:    Checking defaults for OT1/cmr/m/n on input line 62.
LaTeX Font Info:    ... okay on input line 62.
LaTeX Font Info:    Checking defaults for OMS/cmsy/m/n on input line 62.
LaTeX Font Info:    ... okay on input line 62.
LaTeX Font Info:    Checking defaults for OMX/cmex/m/n on input line 62.
LaTeX Font Info:    ... okay on input line 62.
LaTeX Font Info:    Checking defaults for U/mathx/m/n on input line 62.
LaTeX Font Info:    ... okay on input line 62.
LaTeX Font Info:    Checking defaults for PD1/pdf/m/n on input line 62.
LaTeX Font Info:    ... okay on input line 62.
\AtBeginShipoutBox=\box32
Package hyperref Info: Link coloring OFF on input line 62.

(/usr/local/texlive/2017/texmf-dist/tex/latex/hyperref/nameref.sty
Package: nameref 2016/05/21 v2.44 Cross-referencing by name of section

(/usr/local/texlive/2017/texmf-dist/tex/generic/oberdiek/gettitlestring.sty
Package: gettitlestring 2016/05/16 v1.5 Cleanup title references (HO)
)
\c@section@level=\count109
)
LaTeX Info: Redefining \ref on input line 62.
LaTeX Info: Redefining \pageref on input line 62.
LaTeX Info: Redefining \nameref on input line 62.

(./handleiding_trello.out) (./handleiding_trello.out)
\@outlinefile=\write3
\openout3 = `handleiding_trello.out'.


(/usr/local/texlive/2017/texmf-dist/tex/context/base/mkii/supp-pdf.mkii
[Loading MPS to PDF converter (version 2006.09.02).]
\scratchcounter=\count110
\scratchdimen=\dimen124
\scratchbox=\box33
\nofMPsegments=\count111
\nofMParguments=\count112
\everyMPshowfont=\toks22
\MPscratchCnt=\count113
\MPscratchDim=\dimen125
\MPnumerator=\count114
\makeMPintoPDFobject=\count115
\everyMPtoPDFconversion=\toks23
) (/usr/local/texlive/2017/texmf-dist/tex/latex/oberdiek/epstopdf-base.sty
Package: epstopdf-base 2016/05/15 v2.6 Base part for package epstopdf

(/usr/local/texlive/2017/texmf-dist/tex/latex/oberdiek/grfext.sty
Package: grfext 2016/05/16 v1.2 Manage graphics extensions (HO)
)
Package epstopdf-base Info: Redefining graphics rule for `.eps' on input line 4
38.
Package grfext Info: Graphics extension search list:
(grfext)             [.pdf,.png,.jpg,.mps,.jpeg,.jbig2,.jb2,.PDF,.PNG,.JPG,.JPE
G,.JBIG2,.JB2,.eps]
(grfext)             \AppendGraphicsExtensions on input line 456.

(/usr/local/texlive/2017/texmf-dist/tex/latex/latexconfig/epstopdf-sys.cfg
File: epstopdf-sys.cfg 2010/07/13 v1.3 Configuration of (r)epstopdf for TeX Liv
e
))
Package caption Info: Begin \AtBeginDocument code.
Package caption Info: float package is loaded.
Package caption Info: End \AtBeginDocument code.
\openout2 = `./hoofdstukken/titelblad.aux'.


(./hoofdstukken/titelblad.tex
\GPT@outputbox=\box34
<./afbeeldingen/logo_hogent.png, id=156, 594.22pt x 122.4575pt>
File: ./afbeeldingen/logo_hogent.png Graphic file (type png)
<use ./afbeeldingen/logo_hogent.png>
Package pdftex.def Info: ./afbeeldingen/logo_hogent.png  used on input line 4.
(pdftex.def)             Requested size: 597.50787pt x 123.14107pt.
Package babel Info: Redefining dutch shorthand "|
(babel)             in language append on input line 18.
Package babel Info: Redefining dutch shorthand "~
(babel)             in language append on input line 18.
Package babel Info: Redefining dutch shorthand "|
(babel)             in language append on input line 18.
Package babel Info: Redefining dutch shorthand "~
(babel)             in language append on input line 18.
 [1


{/usr/local/texlive/2017/texmf-var/fonts/map/pdftex/updmap/pdftex.map} <./afbee
ldingen/logo_hogent.png>])
(./handleiding_trello.toc
Package cleveref Info: loaded `dutch' language definitions on input line 1.
LaTeX Font Info:    External font `cmex10' loaded for size
(Font)              <10.95> on input line 3.
LaTeX Font Info:    External font `cmex10' loaded for size
(Font)              <8> on input line 3.
LaTeX Font Info:    External font `cmex10' loaded for size
(Font)              <6> on input line 3.
Package babel Info: Redefining dutch shorthand "|
(babel)             in language append on input line 46.
Package babel Info: Redefining dutch shorthand "~
(babel)             in language append on input line 46.
Package babel Info: Redefining dutch shorthand "|
(babel)             in language append on input line 46.
Package babel Info: Redefining dutch shorthand "~
(babel)             in language append on input line 46.
pdfTeX warning (ext4): destination with the same identifier (name{page.1}) has 
been already used, duplicate ignored
<to be read again> 
                   \relax 
l.46 ...6.2}Ledenstatus wijzigen}{35}{section.6.2}
                                                   [1


])
\tf@toc=\write4
\openout4 = `handleiding_trello.toc'.

Package babel Info: Redefining dutch shorthand "|
(babel)             in language append on input line 65.
Package babel Info: Redefining dutch shorthand "~
(babel)             in language append on input line 65.
Package babel Info: Redefining dutch shorthand "|
(babel)             in language append on input line 65.
Package babel Info: Redefining dutch shorthand "~
(babel)             in language append on input line 65.
 [2]
(./handleiding_trello.lof
Package cleveref Info: loaded `dutch' language definitions on input line 1.
Package babel Info: Redefining dutch shorthand "|
(babel)             in language append on input line 40.
Package babel Info: Redefining dutch shorthand "~
(babel)             in language append on input line 40.
Package babel Info: Redefining dutch shorthand "|
(babel)             in language append on input line 40.
Package babel Info: Redefining dutch shorthand "~
(babel)             in language append on input line 40.
 [3

])
\tf@lof=\write5
\openout5 = `handleiding_trello.lof'.

Package babel Info: Redefining dutch shorthand "|
(babel)             in language append on input line 66.
Package babel Info: Redefining dutch shorthand "~
(babel)             in language append on input line 66.
Package babel Info: Redefining dutch shorthand "|
(babel)             in language append on input line 66.
Package babel Info: Redefining dutch shorthand "~
(babel)             in language append on input line 66.
 [4]
\openout2 = `./hoofdstukken/inleiding.aux'.

 (./hoofdstukken/inleiding.tex
Hoofdstuk 1.
Package babel Info: Redefining dutch shorthand "|
(babel)             in language append on input line 1.
Package babel Info: Redefining dutch shorthand "~
(babel)             in language append on input line 1.
Package babel Info: Redefining dutch shorthand "|
(babel)             in language append on input line 3.
Package babel Info: Redefining dutch shorthand "~
(babel)             in language append on input line 3.
Package babel Info: Redefining dutch shorthand "|
(babel)             in language append on input line 7.
Package babel Info: Redefining dutch shorthand "~
(babel)             in language append on input line 7.
LaTeX Font Info:    External font `cmex10' loaded for size
(Font)              <9> on input line 9.
LaTeX Font Info:    External font `cmex10' loaded for size
(Font)              <5> on input line 9.
Package babel Info: Redefining dutch shorthand "|
(babel)             in language append on input line 11.
Package babel Info: Redefining dutch shorthand "~
(babel)             in language append on input line 11.

Underfull \hbox (badness 10000) in paragraph at lines 13--14

 []

Package babel Info: Redefining dutch shorthand "|
(babel)             in language append on input line 17.
Package babel Info: Redefining dutch shorthand "~
(babel)             in language append on input line 17.
Package babel Info: Redefining dutch shorthand "|
(babel)             in language append on input line 17.
Package babel Info: Redefining dutch shorthand "~
(babel)             in language append on input line 17.
[5


]
<./afbeeldingen/plusfortrello.png, id=313, 27.10126pt x 36.135pt>
File: ./afbeeldingen/plusfortrello.png Graphic file (type png)
<use ./afbeeldingen/plusfortrello.png>
Package pdftex.def Info: ./afbeeldingen/plusfortrello.png  used on input line 2
0.
(pdftex.def)             Requested size: 21.68102pt x 28.90802pt.

Underfull \hbox (badness 10000) in paragraph at lines 26--29

 []

<./afbeeldingen/synctrello.png, id=316, 724.7075pt x 269.005pt>
File: ./afbeeldingen/synctrello.png Graphic file (type png)
<use ./afbeeldingen/synctrello.png>
Package pdftex.def Info: ./afbeeldingen/synctrello.png  used on input line 37.
(pdftex.def)             Requested size: 360.0pt x 133.63197pt.
Package babel Info: Redefining dutch shorthand "|
(babel)             in language append on input line 42.
Package babel Info: Redefining dutch shorthand "~
(babel)             in language append on input line 42.
Package babel Info: Redefining dutch shorthand "|
(babel)             in language append on input line 42.
Package babel Info: Redefining dutch shorthand "~
(babel)             in language append on input line 42.
[6 <./afbeeldingen/plusfortrello.png> <./afbeeldingen/synctrello.png>]
Underfull \hbox (badness 10000) in paragraph at lines 42--45

 []

LaTeX Font Info:    Try loading font information for OMS+cmr on input line 49.
(/usr/local/texlive/2017/texmf-dist/tex/latex/base/omscmr.fd
File: omscmr.fd 2014/09/29 v2.5h Standard LaTeX font definitions
)
LaTeX Font Info:    Font shape `OMS/cmr/m/n' in size <10.95> not available
(Font)              Font shape `OMS/cmsy/m/n' tried instead on input line 49.
<./afbeeldingen/prefsplusfortrello.png, id=331, 740.7675pt x 591.20876pt>
File: ./afbeeldingen/prefsplusfortrello.png Graphic file (type png)
<use ./afbeeldingen/prefsplusfortrello.png>
Package pdftex.def Info: ./afbeeldingen/prefsplusfortrello.png  used on input l
ine 57.
(pdftex.def)             Requested size: 360.0pt x 287.32227pt.
Package babel Info: Redefining dutch shorthand "|
(babel)             in language append on input line 62.
Package babel Info: Redefining dutch shorthand "~
(babel)             in language append on input line 62.
Package babel Info: Redefining dutch shorthand "|
(babel)             in language append on input line 65.
Package babel Info: Redefining dutch shorthand "~
(babel)             in language append on input line 65.
Package babel Info: Redefining dutch shorthand "|
(babel)             in language append on input line 65.
Package babel Info: Redefining dutch shorthand "~
(babel)             in language append on input line 65.
 [7 <./afbeeldingen/prefsplusfortrello.png>]
<./afbeeldingen/overzicht.png, id=342, 1198.4775pt x 832.10875pt>
File: ./afbeeldingen/overzicht.png Graphic file (type png)
<use ./afbeeldingen/overzicht.png>
Package pdftex.def Info: ./afbeeldingen/overzicht.png  used on input line 68.
(pdftex.def)             Requested size: 360.0pt x 249.93927pt.

Underfull \hbox (badness 10000) in paragraph at lines 73--75

 []


Underfull \hbox (badness 10000) in paragraph at lines 73--75

 []

<./afbeeldingen/overzicht_genummerd.png, id=344, 1198.4775pt x 736.7525pt>
File: ./afbeeldingen/overzicht_genummerd.png Graphic file (type png)
<use ./afbeeldingen/overzicht_genummerd.png>
Package pdftex.def Info: ./afbeeldingen/overzicht_genummerd.png  used on input 
line 89.
(pdftex.def)             Requested size: 360.0pt x 221.29726pt.

LaTeX Warning: `!h' float specifier changed to `!ht'.

Package babel Info: Redefining dutch shorthand "|
(babel)             in language append on input line 94.
Package babel Info: Redefining dutch shorthand "~
(babel)             in language append on input line 94.
Package babel Info: Redefining dutch shorthand "|
(babel)             in language append on input line 97.
Package babel Info: Redefining dutch shorthand "~
(babel)             in language append on input line 97.
Package babel Info: Redefining dutch shorthand "|
(babel)             in language append on input line 97.
Package babel Info: Redefining dutch shorthand "~
(babel)             in language append on input line 97.
[8 <./afbeeldingen/overzicht.png>]
Package babel Info: Redefining dutch shorthand "|
(babel)             in language append on input line 110.
Package babel Info: Redefining dutch shorthand "~
(babel)             in language append on input line 110.
Package babel Info: Redefining dutch shorthand "|
(babel)             in language append on input line 113.
Package babel Info: Redefining dutch shorthand "~
(babel)             in language append on input line 113.
Package babel Info: Redefining dutch shorthand "|
(babel)             in language append on input line 113.
Package babel Info: Redefining dutch shorthand "~
(babel)             in language append on input line 113.
 [9 <./afbeeldingen/overzicht_genummerd.png (PNG copy)>])
Package babel Info: Redefining dutch shorthand "|
(babel)             in language append on input line 66.
Package babel Info: Redefining dutch shorthand "~
(babel)             in language append on input line 66.
Package babel Info: Redefining dutch shorthand "|
(babel)             in language append on input line 66.
Package babel Info: Redefining dutch shorthand "~
(babel)             in language append on input line 66.
 [10]
\openout2 = `./hoofdstukken/team_beheren.aux'.

 (./hoofdstukken/team_beheren.tex
Hoofdstuk 2.
Package babel Info: Redefining dutch shorthand "|
(babel)             in language append on input line 1.
Package babel Info: Redefining dutch shorthand "~
(babel)             in language append on input line 1.
<./afbeeldingen/overzicht_team.png, id=387, 1581.91pt x 417.56pt>
File: ./afbeeldingen/overzicht_team.png Graphic file (type png)
<use ./afbeeldingen/overzicht_team.png>
Package pdftex.def Info: ./afbeeldingen/overzicht_team.png  used on input line 
9.
(pdftex.def)             Requested size: 360.0pt x 95.02371pt.

Underfull \hbox (badness 10000) in paragraph at lines 3--12

 []


Underfull \hbox (badness 10000) in paragraph at lines 3--12

 []

Package babel Info: Redefining dutch shorthand "|
(babel)             in language append on input line 14.
Package babel Info: Redefining dutch shorthand "~
(babel)             in language append on input line 14.
Package babel Info: Redefining dutch shorthand "|
(babel)             in language append on input line 24.
Package babel Info: Redefining dutch shorthand "~
(babel)             in language append on input line 24.
Package babel Info: Redefining dutch shorthand "|
(babel)             in language append on input line 24.
Package babel Info: Redefining dutch shorthand "~
(babel)             in language append on input line 24.
[11



 <./afbeeldingen/overzicht_team.png>]
<./afbeeldingen/aanmaken_team.png, id=397, 298.11375pt x 418.56375pt>
File: ./afbeeldingen/aanmaken_team.png Graphic file (type png)
<use ./afbeeldingen/aanmaken_team.png>
Package pdftex.def Info: ./afbeeldingen/aanmaken_team.png  used on input line 3
7.
(pdftex.def)             Requested size: 178.86963pt x 251.14018pt.
Package babel Info: Redefining dutch shorthand "|
(babel)             in language append on input line 42.
Package babel Info: Redefining dutch shorthand "~
(babel)             in language append on input line 42.
Package babel Info: Redefining dutch shorthand "|
(babel)             in language append on input line 52.
Package babel Info: Redefining dutch shorthand "~
(babel)             in language append on input line 52.
Package babel Info: Redefining dutch shorthand "|
(babel)             in language append on input line 56.
Package babel Info: Redefining dutch shorthand "~
(babel)             in language append on input line 56.
Package babel Info: Redefining dutch shorthand "|
(babel)             in language append on input line 56.
Package babel Info: Redefining dutch shorthand "~
(babel)             in language append on input line 56.
 [12 <./afbeeldingen/aanmaken_team.png>])
Package babel Info: Redefining dutch shorthand "|
(babel)             in language append on input line 67.
Package babel Info: Redefining dutch shorthand "~
(babel)             in language append on input line 67.
Package babel Info: Redefining dutch shorthand "|
(babel)             in language append on input line 67.
Package babel Info: Redefining dutch shorthand "~
(babel)             in language append on input line 67.
 [13]
\openout2 = `./hoofdstukken/bord_beheren.aux'.

 (./hoofdstukken/bord_beheren.tex
Hoofdstuk 3.
Package babel Info: Redefining dutch shorthand "|
(babel)             in language append on input line 1.
Package babel Info: Redefining dutch shorthand "~
(babel)             in language append on input line 1.
Package babel Info: Redefining dutch shorthand "|
(babel)             in language append on input line 3.
Package babel Info: Redefining dutch shorthand "~
(babel)             in language append on input line 3.

Underfull \hbox (badness 10000) in paragraph at lines 5--7

 []

<./afbeeldingen/borden.png, id=417, 101.37875pt x 38.1425pt>
File: ./afbeeldingen/borden.png Graphic file (type png)
<use ./afbeeldingen/borden.png>
Package pdftex.def Info: ./afbeeldingen/borden.png  used on input line 10.
(pdftex.def)             Requested size: 70.96463pt x 26.69955pt.

Underfull \hbox (badness 10000) in paragraph at lines 15--17

 []

<./afbeeldingen/lijst_borden.png, id=419, 283.0575pt x 280.04625pt>
File: ./afbeeldingen/lijst_borden.png Graphic file (type png)
<use ./afbeeldingen/lijst_borden.png>
Package pdftex.def Info: ./afbeeldingen/lijst_borden.png  used on input line 20
.
(pdftex.def)             Requested size: 141.5284pt x 140.02277pt.
Package babel Info: Redefining dutch shorthand "|
(babel)             in language append on input line 25.
Package babel Info: Redefining dutch shorthand "~
(babel)             in language append on input line 25.
Package babel Info: Redefining dutch shorthand "|
(babel)             in language append on input line 30.
Package babel Info: Redefining dutch shorthand "~
(babel)             in language append on input line 30.
Package babel Info: Redefining dutch shorthand "|
(babel)             in language append on input line 30.
Package babel Info: Redefining dutch shorthand "~
(babel)             in language append on input line 30.
[14



 <./afbeeldingen/borden.png> <./afbeeldingen/lijst_borden.png>]
<./afbeeldingen/plus.png, id=433, 37.13875pt x 39.14626pt>
File: ./afbeeldingen/plus.png Graphic file (type png)
<use ./afbeeldingen/plus.png>
Package pdftex.def Info: ./afbeeldingen/plus.png  used on input line 48.
(pdftex.def)             Requested size: 37.13866pt x 39.14615pt.
<./afbeeldingen/nieuw_bord_maken.png, id=434, 295.1025pt x 115.43124pt>
File: ./afbeeldingen/nieuw_bord_maken.png Graphic file (type png)
<use ./afbeeldingen/nieuw_bord_maken.png>
Package pdftex.def Info: ./afbeeldingen/nieuw_bord_maken.png  used on input lin
e 54.
(pdftex.def)             Requested size: 161.9989pt x 63.3676pt.
<./afbeeldingen/aanmaken.png, id=435, 301.125pt x 295.1025pt>
File: ./afbeeldingen/aanmaken.png Graphic file (type png)
<use ./afbeeldingen/aanmaken.png>
Package pdftex.def Info: ./afbeeldingen/aanmaken.png  used on input line 60.
(pdftex.def)             Requested size: 180.0pt x 176.40543pt.
<./afbeeldingen/nieuw_bord.png, id=436, 296.10625pt x 257.96375pt>
File: ./afbeeldingen/nieuw_bord.png Graphic file (type png)
<use ./afbeeldingen/nieuw_bord.png>
Package pdftex.def Info: ./afbeeldingen/nieuw_bord.png  used on input line 66.
(pdftex.def)             Requested size: 180.0pt x 156.81839pt.
<./afbeeldingen/leeg_bord.png, id=437, 1202.4925pt x 597.23125pt>
File: ./afbeeldingen/leeg_bord.png Graphic file (type png)
<use ./afbeeldingen/leeg_bord.png>
Package pdftex.def Info: ./afbeeldingen/leeg_bord.png  used on input line 76.
(pdftex.def)             Requested size: 360.0pt x 178.79712pt.
Package babel Info: Redefining dutch shorthand "|
(babel)             in language append on input line 80.
Package babel Info: Redefining dutch shorthand "~
(babel)             in language append on input line 80.
Package babel Info: Redefining dutch shorthand "|
(babel)             in language append on input line 80.
Package babel Info: Redefining dutch shorthand "~
(babel)             in language append on input line 80.
 [15 <./afbeeldingen/plus.png> <./afbeeldingen/nieuw_bord_maken.png> <./afbeeld
ingen/aanmaken.png> <./afbeeldingen/nieuw_bord.png>]
Package babel Info: Redefining dutch shorthand "|
(babel)             in language append on input line 81.
Package babel Info: Redefining dutch shorthand "~
(babel)             in language append on input line 81.

Underfull \hbox (badness 10000) in paragraph at lines 95--98

 []


Underfull \hbox (badness 10000) in paragraph at lines 104--107

 []

<./afbeeldingen/leeg_bord_genummerd.png, id=466, 1202.4925pt x 597.23125pt>
File: ./afbeeldingen/leeg_bord_genummerd.png Graphic file (type png)
<use ./afbeeldingen/leeg_bord_genummerd.png>
Package pdftex.def Info: ./afbeeldingen/leeg_bord_genummerd.png  used on input 
line 110.
(pdftex.def)             Requested size: 360.0pt x 178.79712pt.
Package babel Info: Redefining dutch shorthand "|
(babel)             in language append on input line 113.
Package babel Info: Redefining dutch shorthand "~
(babel)             in language append on input line 113.
Package babel Info: Redefining dutch shorthand "|
(babel)             in language append on input line 113.
Package babel Info: Redefining dutch shorthand "~
(babel)             in language append on input line 113.
[16 <./afbeeldingen/leeg_bord.png>]
<./afbeeldingen/wijzig_team.png, id=482, 313.17pt x 228.855pt>
File: ./afbeeldingen/wijzig_team.png Graphic file (type png)
<use ./afbeeldingen/wijzig_team.png>
Package pdftex.def Info: ./afbeeldingen/wijzig_team.png  used on input line 117
.
(pdftex.def)             Requested size: 156.58461pt x 114.42722pt.

Underfull \hbox (badness 10000) in paragraph at lines 122--126

 []

Package babel Info: Redefining dutch shorthand "|
(babel)             in language append on input line 132.
Package babel Info: Redefining dutch shorthand "~
(babel)             in language append on input line 132.
Package babel Info: Redefining dutch shorthand "|
(babel)             in language append on input line 132.
Package babel Info: Redefining dutch shorthand "~
(babel)             in language append on input line 132.
[17 <./afbeeldingen/leeg_bord_genummerd.png> <./afbeeldingen/wijzig_team.png>]
Underfull \hbox (badness 10000) in paragraph at lines 133--137

 []

)
Package babel Info: Redefining dutch shorthand "|
(babel)             in language append on input line 68.
Package babel Info: Redefining dutch shorthand "~
(babel)             in language append on input line 68.
Package babel Info: Redefining dutch shorthand "|
(babel)             in language append on input line 68.
Package babel Info: Redefining dutch shorthand "~
(babel)             in language append on input line 68.
 [18]
\openout2 = `./hoofdstukken/lijsten_beheren.aux'.

 (./hoofdstukken/lijsten_beheren.tex
Hoofdstuk 4.
Package babel Info: Redefining dutch shorthand "|
(babel)             in language append on input line 1.
Package babel Info: Redefining dutch shorthand "~
(babel)             in language append on input line 1.
Package babel Info: Redefining dutch shorthand "|
(babel)             in language append on input line 16.
Package babel Info: Redefining dutch shorthand "~
(babel)             in language append on input line 16.
Package babel Info: Redefining dutch shorthand "|
(babel)             in language append on input line 19.
Package babel Info: Redefining dutch shorthand "~
(babel)             in language append on input line 19.
Package babel Info: Redefining dutch shorthand "|
(babel)             in language append on input line 19.
Package babel Info: Redefining dutch shorthand "~
(babel)             in language append on input line 19.
[19



]
Package babel Info: Redefining dutch shorthand "|
(babel)             in language append on input line 25.
Package babel Info: Redefining dutch shorthand "~
(babel)             in language append on input line 25.
Package babel Info: Redefining dutch shorthand "|
(babel)             in language append on input line 48.
Package babel Info: Redefining dutch shorthand "~
(babel)             in language append on input line 48.
Package babel Info: Redefining dutch shorthand "|
(babel)             in language append on input line 58.
Package babel Info: Redefining dutch shorthand "~
(babel)             in language append on input line 58.
Package babel Info: Redefining dutch shorthand "|
(babel)             in language append on input line 62.
Package babel Info: Redefining dutch shorthand "~
(babel)             in language append on input line 62.
Package babel Info: Redefining dutch shorthand "|
(babel)             in language append on input line 62.
Package babel Info: Redefining dutch shorthand "~
(babel)             in language append on input line 62.
 [20]
Package babel Info: Redefining dutch shorthand "|
(babel)             in language append on input line 68.
Package babel Info: Redefining dutch shorthand "~
(babel)             in language append on input line 68.
)
Package babel Info: Redefining dutch shorthand "|
(babel)             in language append on input line 69.
Package babel Info: Redefining dutch shorthand "~
(babel)             in language append on input line 69.
Package babel Info: Redefining dutch shorthand "|
(babel)             in language append on input line 69.
Package babel Info: Redefining dutch shorthand "~
(babel)             in language append on input line 69.
 [21]
\openout2 = `./hoofdstukken/kaarten_beheren.aux'.

 (./hoofdstukken/kaarten_beheren.tex
Hoofdstuk 5.
Package babel Info: Redefining dutch shorthand "|
(babel)             in language append on input line 1.
Package babel Info: Redefining dutch shorthand "~
(babel)             in language append on input line 1.
Package babel Info: Redefining dutch shorthand "|
(babel)             in language append on input line 5.
Package babel Info: Redefining dutch shorthand "~
(babel)             in language append on input line 5.
<./afbeeldingen/nieuwe_kaart.png, id=533, 276.03125pt x 109.40875pt>
File: ./afbeeldingen/nieuwe_kaart.png Graphic file (type png)
<use ./afbeeldingen/nieuwe_kaart.png>
Package pdftex.def Info: ./afbeeldingen/nieuwe_kaart.png  used on input line 20
.
(pdftex.def)             Requested size: 138.01527pt x 54.70422pt.
Package babel Info: Redefining dutch shorthand "|
(babel)             in language append on input line 25.
Package babel Info: Redefining dutch shorthand "~
(babel)             in language append on input line 25.
Package babel Info: Redefining dutch shorthand "|
(babel)             in language append on input line 29.
Package babel Info: Redefining dutch shorthand "~
(babel)             in language append on input line 29.
Package babel Info: Redefining dutch shorthand "|
(babel)             in language append on input line 29.
Package babel Info: Redefining dutch shorthand "~
(babel)             in language append on input line 29.
[22



 <./afbeeldingen/nieuwe_kaart.png>]
Overfull \hbox (4.27042pt too wide) in paragraph at lines 38--40
\OT1/cmr/m/n/10.95 Alle bo-ven-staande func-ti-o-na-li-tei-ten wor-den toe-ge-l
icht van-uit het de-tail-scherm
 []

<./afbeeldingen/detail_kaart_genummerd.png, id=548, 756.8275pt x 644.4075pt>
File: ./afbeeldingen/detail_kaart_genummerd.png Graphic file (type png)
<use ./afbeeldingen/detail_kaart_genummerd.png>
Package pdftex.def Info: ./afbeeldingen/detail_kaart_genummerd.png  used on inp
ut line 43.
(pdftex.def)             Requested size: 378.41283pt x 322.20296pt.

Overfull \hbox (18.41283pt too wide) in paragraph at lines 43--44
 [][] 
 []


Underfull \hbox (badness 10000) in paragraph at lines 48--52

 []

Package babel Info: Redefining dutch shorthand "|
(babel)             in language append on input line 52.
Package babel Info: Redefining dutch shorthand "~
(babel)             in language append on input line 52.
Package babel Info: Redefining dutch shorthand "|
(babel)             in language append on input line 52.
Package babel Info: Redefining dutch shorthand "~
(babel)             in language append on input line 52.
[23 <./afbeeldingen/detail_kaart_genummerd.png>]
<./afbeeldingen/beheer_leden_kaart.png, id=563, 310.15875pt x 187.70125pt>
File: ./afbeeldingen/beheer_leden_kaart.png Graphic file (type png)
<use ./afbeeldingen/beheer_leden_kaart.png>
Package pdftex.def Info: ./afbeeldingen/beheer_leden_kaart.png  used on input l
ine 59.
(pdftex.def)             Requested size: 124.0613pt x 75.07916pt.

Underfull \hbox (badness 10000) in paragraph at lines 64--68

 []

<./afbeeldingen/maak_label_aan.png, id=567, 309.155pt x 374.39874pt>
File: ./afbeeldingen/maak_label_aan.png Graphic file (type png)
<use ./afbeeldingen/maak_label_aan.png>
Package pdftex.def Info: ./afbeeldingen/maak_label_aan.png  used on input line 
74.
(pdftex.def)             Requested size: 185.49442pt x 224.64098pt.
Package babel Info: Redefining dutch shorthand "|
(babel)             in language append on input line 78.
Package babel Info: Redefining dutch shorthand "~
(babel)             in language append on input line 78.
Package babel Info: Redefining dutch shorthand "|
(babel)             in language append on input line 78.
Package babel Info: Redefining dutch shorthand "~
(babel)             in language append on input line 78.
[24 <./afbeeldingen/beheer_leden_kaart.png>]
<./afbeeldingen/detail_kaart_labels.png, id=574, 429.605pt x 228.855pt>
File: ./afbeeldingen/detail_kaart_labels.png Graphic file (type png)
<use ./afbeeldingen/detail_kaart_labels.png>
Package pdftex.def Info: ./afbeeldingen/detail_kaart_labels.png  used on input 
line 81.
(pdftex.def)             Requested size: 214.80197pt x 114.42722pt.

Underfull \hbox (badness 10000) in paragraph at lines 86--90

 []

<./afbeeldingen/nieuwe_checklist.png, id=576, 569.12625pt x 323.2075pt>
File: ./afbeeldingen/nieuwe_checklist.png Graphic file (type png)
<use ./afbeeldingen/nieuwe_checklist.png>
Package pdftex.def Info: ./afbeeldingen/nieuwe_checklist.png  used on input lin
e 93.
(pdftex.def)             Requested size: 284.56242pt x 161.60335pt.
Package babel Info: Redefining dutch shorthand "|
(babel)             in language append on input line 97.
Package babel Info: Redefining dutch shorthand "~
(babel)             in language append on input line 97.
Package babel Info: Redefining dutch shorthand "|
(babel)             in language append on input line 97.
Package babel Info: Redefining dutch shorthand "~
(babel)             in language append on input line 97.
[25 <./afbeeldingen/maak_label_aan.png> <./afbeeldingen/detail_kaart_labels.png
>]
<./afbeeldingen/checklist_items.png, id=584, 554.07pt x 406.51875pt>
File: ./afbeeldingen/checklist_items.png Graphic file (type png)
<use ./afbeeldingen/checklist_items.png>
Package pdftex.def Info: ./afbeeldingen/checklist_items.png  used on input line
 103.
(pdftex.def)             Requested size: 277.03432pt x 203.25887pt.
<./afbeeldingen/bord_checklist.png, id=586, 275.0275pt x 112.42pt>
File: ./afbeeldingen/bord_checklist.png Graphic file (type png)
<use ./afbeeldingen/bord_checklist.png>
Package pdftex.def Info: ./afbeeldingen/bord_checklist.png  used on input line 
113.
(pdftex.def)             Requested size: 206.27011pt x 84.31479pt.
Package babel Info: Redefining dutch shorthand "|
(babel)             in language append on input line 117.
Package babel Info: Redefining dutch shorthand "~
(babel)             in language append on input line 117.
Package babel Info: Redefining dutch shorthand "|
(babel)             in language append on input line 117.
Package babel Info: Redefining dutch shorthand "~
(babel)             in language append on input line 117.
 [26 <./afbeeldingen/nieuwe_checklist.png> <./afbeeldingen/checklist_items.png>
]
Underfull \hbox (badness 10000) in paragraph at lines 118--124

 []


Underfull \hbox (badness 10000) in paragraph at lines 118--124

 []

<./afbeeldingen/bijlage_kaart.png, id=600, 563.10374pt x 396.48125pt>
File: ./afbeeldingen/bijlage_kaart.png Graphic file (type png)
<use ./afbeeldingen/bijlage_kaart.png>
Package pdftex.def Info: ./afbeeldingen/bijlage_kaart.png  used on input line 1
34.
(pdftex.def)             Requested size: 281.55118pt x 198.24013pt.
Package babel Info: Redefining dutch shorthand "|
(babel)             in language append on input line 138.
Package babel Info: Redefining dutch shorthand "~
(babel)             in language append on input line 138.
Package babel Info: Redefining dutch shorthand "|
(babel)             in language append on input line 138.
Package babel Info: Redefining dutch shorthand "~
(babel)             in language append on input line 138.
[27 <./afbeeldingen/bord_checklist.png>]
Package babel Info: Redefining dutch shorthand "|
(babel)             in language append on input line 139.
Package babel Info: Redefining dutch shorthand "~
(babel)             in language append on input line 139.
<./afbeeldingen/kopieer_kaart.png, id=610, 316.18124pt x 487.8225pt>
File: ./afbeeldingen/kopieer_kaart.png Graphic file (type png)
<use ./afbeeldingen/kopieer_kaart.png>
Package pdftex.def Info: ./afbeeldingen/kopieer_kaart.png  used on input line 1
51.
(pdftex.def)             Requested size: 142.28024pt x 219.5181pt.
Package babel Info: Redefining dutch shorthand "|
(babel)             in language append on input line 157.
Package babel Info: Redefining dutch shorthand "~
(babel)             in language append on input line 157.
Package babel Info: Redefining dutch shorthand "|
(babel)             in language append on input line 157.
Package babel Info: Redefining dutch shorthand "~
(babel)             in language append on input line 157.
 [28 <./afbeeldingen/bijlage_kaart.png> <./afbeeldingen/kopieer_kaart.png>]
Package babel Info: Redefining dutch shorthand "|
(babel)             in language append on input line 158.
Package babel Info: Redefining dutch shorthand "~
(babel)             in language append on input line 158.
<./afbeeldingen/verplaats_kaart.png, id=624, 311.1625pt x 327.2225pt>
File: ./afbeeldingen/verplaats_kaart.png Graphic file (type png)
<use ./afbeeldingen/verplaats_kaart.png>
Package pdftex.def Info: ./afbeeldingen/verplaats_kaart.png  used on input line
 177.
(pdftex.def)             Requested size: 186.69894pt x 196.335pt.

Underfull \hbox (badness 10000) in paragraph at lines 181--183

 []

Package babel Info: Redefining dutch shorthand "|
(babel)             in language append on input line 184.
Package babel Info: Redefining dutch shorthand "~
(babel)             in language append on input line 184.
Package babel Info: Redefining dutch shorthand "|
(babel)             in language append on input line 187.
Package babel Info: Redefining dutch shorthand "~
(babel)             in language append on input line 187.
Package babel Info: Redefining dutch shorthand "|
(babel)             in language append on input line 187.
Package babel Info: Redefining dutch shorthand "~
(babel)             in language append on input line 187.
[29 <./afbeeldingen/verplaats_kaart.png>]
<./afbeeldingen/archiveer_kaart.png, id=635, 759.83875pt x 753.81625pt>
File: ./afbeeldingen/archiveer_kaart.png Graphic file (type png)
<use ./afbeeldingen/archiveer_kaart.png>
Package pdftex.def Info: ./afbeeldingen/archiveer_kaart.png  used on input line
 197.
(pdftex.def)             Requested size: 379.91844pt x 376.90721pt.

Overfull \hbox (19.91844pt too wide) in paragraph at lines 197--198
 [][] 
 []


Underfull \hbox (badness 10000) in paragraph at lines 201--204

 []

Package babel Info: Redefining dutch shorthand "|
(babel)             in language append on input line 204.
Package babel Info: Redefining dutch shorthand "~
(babel)             in language append on input line 204.
Package babel Info: Redefining dutch shorthand "|
(babel)             in language append on input line 204.
Package babel Info: Redefining dutch shorthand "~
(babel)             in language append on input line 204.
[30 <./afbeeldingen/archiveer_kaart.png>]
Package babel Info: Redefining dutch shorthand "|
(babel)             in language append on input line 205.
Package babel Info: Redefining dutch shorthand "~
(babel)             in language append on input line 205.

Underfull \hbox (badness 10000) in paragraph at lines 213--216

 []

<./afbeeldingen/aanmaken_prestatie.png, id=651, 554.07pt x 54.2025pt>
File: ./afbeeldingen/aanmaken_prestatie.png Graphic file (type png)
<use ./afbeeldingen/aanmaken_prestatie.png>
Package pdftex.def Info: ./afbeeldingen/aanmaken_prestatie.png  used on input l
ine 227.
(pdftex.def)             Requested size: 277.03432pt x 27.10118pt.
<./afbeeldingen/aangemaakte_prestatie.png, id=653, 565.11125pt x 540.0175pt>
File: ./afbeeldingen/aangemaakte_prestatie.png Graphic file (type png)
<use ./afbeeldingen/aangemaakte_prestatie.png>
Package pdftex.def Info: ./afbeeldingen/aangemaakte_prestatie.png  used on inpu
t line 238.
(pdftex.def)             Requested size: 226.04048pt x 216.00316pt.
Package babel Info: Redefining dutch shorthand "|
(babel)             in language append on input line 242.
Package babel Info: Redefining dutch shorthand "~
(babel)             in language append on input line 242.
Package babel Info: Redefining dutch shorthand "|
(babel)             in language append on input line 242.
Package babel Info: Redefining dutch shorthand "~
(babel)             in language append on input line 242.
[31 <./afbeeldingen/aanmaken_prestatie.png>]
Underfull \hbox (badness 10000) in paragraph at lines 243--246

 []

<./afbeeldingen/wijzigen_prestatie.png, id=666, 384.43625pt x 434.62375pt>
File: ./afbeeldingen/wijzigen_prestatie.png Graphic file (type png)
<use ./afbeeldingen/wijzigen_prestatie.png>
Package pdftex.def Info: ./afbeeldingen/wijzigen_prestatie.png  used on input l
ine 257.
(pdftex.def)             Requested size: 134.55469pt x 152.12059pt.
Package babel Info: Redefining dutch shorthand "|
(babel)             in language append on input line 264.
Package babel Info: Redefining dutch shorthand "~
(babel)             in language append on input line 264.
Package babel Info: Redefining dutch shorthand "|
(babel)             in language append on input line 264.
Package babel Info: Redefining dutch shorthand "~
(babel)             in language append on input line 264.
[32 <./afbeeldingen/aangemaakte_prestatie.png> <./afbeeldingen/wijzigen_prestat
ie.png>]
<./afbeeldingen/gewijzigde_prestatie.png, id=681, 567.11874pt x 540.0175pt>
File: ./afbeeldingen/gewijzigde_prestatie.png Graphic file (type png)
<use ./afbeeldingen/gewijzigde_prestatie.png>
Package pdftex.def Info: ./afbeeldingen/gewijzigde_prestatie.png  used on input
 line 267.
(pdftex.def)             Requested size: 283.55867pt x 270.00809pt.

Underfull \hbox (badness 10000) in paragraph at lines 272--275

 []

<./afbeeldingen/overzetten_prestatie.png, id=683, 423.5825pt x 390.45876pt>
File: ./afbeeldingen/overzetten_prestatie.png Graphic file (type png)
<use ./afbeeldingen/overzetten_prestatie.png>
Package pdftex.def Info: ./afbeeldingen/overzetten_prestatie.png  used on input
 line 290.
(pdftex.def)             Requested size: 232.97108pt x 214.75298pt.

LaTeX Warning: `h' float specifier changed to `ht'.

Package babel Info: Redefining dutch shorthand "|
(babel)             in language append on input line 297.
Package babel Info: Redefining dutch shorthand "~
(babel)             in language append on input line 297.
Package babel Info: Redefining dutch shorthand "|
(babel)             in language append on input line 297.
Package babel Info: Redefining dutch shorthand "~
(babel)             in language append on input line 297.
[33 <./afbeeldingen/gewijzigde_prestatie.png>]
<./afbeeldingen/overgezette_prestatie.png, id=698, 427.5975pt x 142.5325pt>
File: ./afbeeldingen/overgezette_prestatie.png Graphic file (type png)
<use ./afbeeldingen/overgezette_prestatie.png>
Package pdftex.def Info: ./afbeeldingen/overgezette_prestatie.png  used on inpu
t line 300.
(pdftex.def)             Requested size: 235.17935pt x 78.3931pt.
)
Package babel Info: Redefining dutch shorthand "|
(babel)             in language append on input line 70.
Package babel Info: Redefining dutch shorthand "~
(babel)             in language append on input line 70.
Package babel Info: Redefining dutch shorthand "|
(babel)             in language append on input line 70.
Package babel Info: Redefining dutch shorthand "~
(babel)             in language append on input line 70.
 [34 <./afbeeldingen/overzetten_prestatie.png> <./afbeeldingen/overgezette_pres
tatie.png>]
\openout2 = `./hoofdstukken/leden_beheren.aux'.


(./hoofdstukken/leden_beheren.tex
Hoofdstuk 6.
Package babel Info: Redefining dutch shorthand "|
(babel)             in language append on input line 1.
Package babel Info: Redefining dutch shorthand "~
(babel)             in language append on input line 1.
Package babel Info: Redefining dutch shorthand "|
(babel)             in language append on input line 3.
Package babel Info: Redefining dutch shorthand "~
(babel)             in language append on input line 3.

Underfull \hbox (badness 10000) in paragraph at lines 5--8

 []

Package babel Info: Redefining dutch shorthand "|
(babel)             in language append on input line 9.
Package babel Info: Redefining dutch shorthand "~
(babel)             in language append on input line 9.
Package babel Info: Redefining dutch shorthand "|
(babel)             in language append on input line 19.
Package babel Info: Redefining dutch shorthand "~
(babel)             in language append on input line 19.
)
Package babel Info: Redefining dutch shorthand "|
(babel)             in language append on input line 71.
Package babel Info: Redefining dutch shorthand "~
(babel)             in language append on input line 71.
Package babel Info: Redefining dutch shorthand "|
(babel)             in language append on input line 71.
Package babel Info: Redefining dutch shorthand "~
(babel)             in language append on input line 71.
 [35



]
\openout2 = `./hoofdstukken/statistieken.aux'.

 (./hoofdstukken/statistieken.tex
Hoofdstuk 7.
Package babel Info: Redefining dutch shorthand "|
(babel)             in language append on input line 1.
Package babel Info: Redefining dutch shorthand "~
(babel)             in language append on input line 1.
Package babel Info: Redefining dutch shorthand "|
(babel)             in language append on input line 5.
Package babel Info: Redefining dutch shorthand "~
(babel)             in language append on input line 5.
<./afbeeldingen/stats.png, id=712, 228.855pt x 39.14626pt>
File: ./afbeeldingen/stats.png Graphic file (type png)
<use ./afbeeldingen/stats.png>
Package pdftex.def Info: ./afbeeldingen/stats.png  used on input line 16.
(pdftex.def)             Requested size: 171.64082pt x 29.3596pt.
Package babel Info: Redefining dutch shorthand "|
(babel)             in language append on input line 21.
Package babel Info: Redefining dutch shorthand "~
(babel)             in language append on input line 21.
<./afbeeldingen/individueleprestatiesknop.png, id=714, 33.12375pt x 35.13126pt>

File: ./afbeeldingen/individueleprestatiesknop.png Graphic file (type png)
<use ./afbeeldingen/individueleprestatiesknop.png>
Package pdftex.def Info: ./afbeeldingen/individueleprestatiesknop.png  used on 
input line 26.
(pdftex.def)             Requested size: 24.84274pt x 26.34836pt.
Package babel Info: Redefining dutch shorthand "|
(babel)             in language append on input line 29.
Package babel Info: Redefining dutch shorthand "~
(babel)             in language append on input line 29.
Package babel Info: Redefining dutch shorthand "|
(babel)             in language append on input line 29.
Package babel Info: Redefining dutch shorthand "~
(babel)             in language append on input line 29.
[36



 <./afbeeldingen/stats.png>]
<./afbeeldingen/individueleprestaties.png, id=722, 1103.12125pt x 449.68pt>
File: ./afbeeldingen/individueleprestaties.png Graphic file (type png)
<use ./afbeeldingen/individueleprestaties.png>
Package pdftex.def Info: ./afbeeldingen/individueleprestaties.png  used on inpu
t line 43.
(pdftex.def)             Requested size: 360.0pt x 146.74808pt.
Package babel Info: Redefining dutch shorthand "|
(babel)             in language append on input line 50.
Package babel Info: Redefining dutch shorthand "~
(babel)             in language append on input line 50.
<./afbeeldingen/burndownknop.png, id=724, 36.135pt x 36.135pt>
File: ./afbeeldingen/burndownknop.png Graphic file (type png)
<use ./afbeeldingen/burndownknop.png>
Package pdftex.def Info: ./afbeeldingen/burndownknop.png  used on input line 57
.
(pdftex.def)             Requested size: 18.06744pt x 18.06744pt.

Underfull \hbox (badness 10000) in paragraph at lines 52--63

 []

Package babel Info: Redefining dutch shorthand "|
(babel)             in language append on input line 63.
Package babel Info: Redefining dutch shorthand "~
(babel)             in language append on input line 63.
Package babel Info: Redefining dutch shorthand "|
(babel)             in language append on input line 63.
Package babel Info: Redefining dutch shorthand "~
(babel)             in language append on input line 63.
[37 <./afbeeldingen/individueleprestatiesknop.png> <./afbeeldingen/individuelep
restaties.png>]
<./afbeeldingen/burndownchart.png, id=732, 1139.25626pt x 823.075pt>
File: ./afbeeldingen/burndownchart.png Graphic file (type png)
<use ./afbeeldingen/burndownchart.png>
Package pdftex.def Info: ./afbeeldingen/burndownchart.png  used on input line 6
6.
(pdftex.def)             Requested size: 296.19965pt x 213.99445pt.
)
Package babel Info: Redefining dutch shorthand "|
(babel)             in language append on input line 72.
Package babel Info: Redefining dutch shorthand "~
(babel)             in language append on input line 72.
Package babel Info: Redefining dutch shorthand "|
(babel)             in language append on input line 72.
Package babel Info: Redefining dutch shorthand "~
(babel)             in language append on input line 72.
 [38 <./afbeeldingen/burndownknop.png> <./afbeeldingen/burndownchart.png>]
\openout2 = `./hoofdstukken/powerups.aux'.

 (./hoofdstukken/powerups.tex
Hoofdstuk 8.
Package babel Info: Redefining dutch shorthand "|
(babel)             in language append on input line 1.
Package babel Info: Redefining dutch shorthand "~
(babel)             in language append on input line 1.
Package babel Info: Redefining dutch shorthand "|
(babel)             in language append on input line 3.
Package babel Info: Redefining dutch shorthand "~
(babel)             in language append on input line 3.
)
Package babel Info: Redefining dutch shorthand "|
(babel)             in language append on input line 73.
Package babel Info: Redefining dutch shorthand "~
(babel)             in language append on input line 73.
Package babel Info: Redefining dutch shorthand "|
(babel)             in language append on input line 73.
Package babel Info: Redefining dutch shorthand "~
(babel)             in language append on input line 73.
 [39



]
Package atveryend Info: Empty hook `BeforeClearDocument' on input line 74.
Package atveryend Info: Empty hook `AfterLastShipout' on input line 74.
 (./handleiding_trello.aux (./hoofdstukken/titelblad.aux)
Package cleveref Info: loaded `dutch' language definitions on input line 21.

(./hoofdstukken/inleiding.aux) (./hoofdstukken/team_beheren.aux)
(./hoofdstukken/bord_beheren.aux) (./hoofdstukken/lijsten_beheren.aux)
(./hoofdstukken/kaarten_beheren.aux) (./hoofdstukken/leden_beheren.aux)
(./hoofdstukken/statistieken.aux) (./hoofdstukken/powerups.aux))
Package atveryend Info: Executing hook `AtVeryEndDocument' on input line 74.
Package atveryend Info: Executing hook `AtEndAfterFileList' on input line 74.
Package rerunfilecheck Info: File `handleiding_trello.out' has not changed.
(rerunfilecheck)             Checksum: 641C292F62AF6E427212339E3AECD6CC;2329.
Package atveryend Info: Empty hook `AtVeryVeryEnd' on input line 74.
 ) 
Here is how much of TeX's memory you used:
 10792 strings out of 492980
 178046 string characters out of 6132510
 290233 words of memory out of 5000000
 13899 multiletter control sequences out of 15000+600000
 15922 words of font info for 53 fonts, out of 8000000 for 9000
 1141 hyphenation exceptions out of 8191
 36i,10n,41p,1060b,710s stack positions out of 5000i,500n,10000p,200000b,80000s
</usr/local/texlive/2017/texmf-dist/fonts/type1/public/amsfonts/cm/cmbx10.pfb
></usr/local/texlive/2017/texmf-dist/fonts/type1/public/amsfonts/cm/cmbx12.pfb>
</usr/local/texlive/2017/texmf-dist/fonts/type1/public/amsfonts/cm/cmr10.pfb></
usr/local/texlive/2017/texmf-dist/fonts/type1/public/amsfonts/cm/cmr6.pfb></usr
/local/texlive/2017/texmf-dist/fonts/type1/public/amsfonts/cm/cmr8.pfb></usr/lo
cal/texlive/2017/texmf-dist/fonts/type1/public/amsfonts/cm/cmssbx10.pfb></usr/l
ocal/texlive/2017/texmf-dist/fonts/type1/public/amsfonts/cm/cmsy10.pfb></usr/lo
cal/texlive/2017/texmf-dist/fonts/type1/public/amsfonts/cm/cmti10.pfb></usr/loc
al/texlive/2017/texmf-dist/fonts/type1/public/amsfonts/cm/cmtt10.pfb></usr/loca
l/texlive/2017/texmf-dist/fonts/type1/public/amsfonts/cm/cmtt9.pfb></usr/local/
texlive/2017/texmf-dist/fonts/type1/public/mathabx-type1/mathb10.pfb>
Output written on handleiding_trello.pdf (40 pages, 1266639 bytes).
PDF statistics:
 836 PDF objects out of 1000 (max. 8388607)
 698 compressed objects within 7 object streams
 248 named destinations out of 1000 (max. 500000)
 505 words of extra memory for PDF output out of 10000 (max. 10000000)

